================================================================================
TEST EXECUTION REPORT
Generated: 2025-11-23 10:37:16.039
================================================================================

SUMMARY:
  Total Tests: 10
  Passed: 9 (90%)
  Failed: 1
  Aborted: 0

================================================================================
FIRST FAILURE - PROBLEMATIC CHANGE:
================================================================================
Test: SmokeTests.System Initialization - LibGDX Context
Error: LibGDX GL context should be initialized ==> expected: not <null>
Duration: 1763874435991ms

Stack Trace:
  at org.junit.jupiter.api.AssertionFailureBuilder.build(AssertionFailureBuilder.java:152)
  at org.junit.jupiter.api.AssertionFailureBuilder.buildAndThrow(AssertionFailureBuilder.java:132)
  at org.junit.jupiter.api.AssertNotNull.failNull(AssertNotNull.java:49)
  at org.junit.jupiter.api.AssertNotNull.assertNotNull(AssertNotNull.java:35)
  at org.junit.jupiter.api.Assertions.assertNotNull(Assertions.java:308)
  at com.chainedclimber.smoke.SmokeTests.testLibGdxInitialization(SmokeTests.java:48)
  at java.base/jdk.internal.reflect.NativeMethodAccessorImpl.invoke0(Native Method)
  at java.base/jdk.internal.reflect.NativeMethodAccessorImpl.invoke(NativeMethodAccessorImpl.java:77)
  at java.base/jdk.internal.reflect.DelegatingMethodAccessorImpl.invoke(DelegatingMethodAccessorImpl.java:43)
  at java.base/java.lang.reflect.Method.invoke(Method.java:569)
  at org.junit.platform.commons.util.ReflectionUtils.invokeMethod(ReflectionUtils.java:728)
  at org.junit.jupiter.engine.execution.MethodInvocation.proceed(MethodInvocation.java:60)
  at org.junit.jupiter.engine.execution.InvocationInterceptorChain$ValidatingInvocation.proceed(InvocationInterceptorChain.java:131)
  at org.junit.jupiter.engine.extension.TimeoutExtension.intercept(TimeoutExtension.java:156)
  at org.junit.jupiter.engine.extension.TimeoutExtension.interceptTestableMethod(TimeoutExtension.java:147)
  at org.junit.jupiter.engine.extension.TimeoutExtension.interceptTestMethod(TimeoutExtension.java:86)
  at org.junit.jupiter.engine.execution.InterceptingExecutableInvoker$ReflectiveInterceptorCall.lambda$ofVoidMethod$0(InterceptingExecutableInvoker.java:103)
  at org.junit.jupiter.engine.execution.InterceptingExecutableInvoker.lambda$invoke$0(InterceptingExecutableInvoker.java:93)
  at org.junit.jupiter.engine.execution.InvocationInterceptorChain$InterceptedInvocation.proceed(InvocationInterceptorChain.java:106)
  at org.junit.jupiter.engine.execution.InvocationInterceptorChain.proceed(InvocationInterceptorChain.java:64)
  at org.junit.jupiter.engine.execution.InvocationInterceptorChain.chainAndInvoke(InvocationInterceptorChain.java:45)
  at org.junit.jupiter.engine.execution.InvocationInterceptorChain.invoke(InvocationInterceptorChain.java:37)
  at org.junit.jupiter.engine.execution.InterceptingExecutableInvoker.invoke(InterceptingExecutableInvoker.java:92)
  at org.junit.jupiter.engine.execution.InterceptingExecutableInvoker.invoke(InterceptingExecutableInvoker.java:86)
  at org.junit.jupiter.engine.descriptor.TestMethodTestDescriptor.lambda$invokeTestMethod$7(TestMethodTestDescriptor.java:218)
  at org.junit.platform.engine.support.hierarchical.ThrowableCollector.execute(ThrowableCollector.java:73)
  at org.junit.jupiter.engine.descriptor.TestMethodTestDescriptor.invokeTestMethod(TestMethodTestDescriptor.java:214)
  at org.junit.jupiter.engine.descriptor.TestMethodTestDescriptor.execute(TestMethodTestDescriptor.java:139)
  at org.junit.jupiter.engine.descriptor.TestMethodTestDescriptor.execute(TestMethodTestDescriptor.java:69)
  at org.junit.platform.engine.support.hierarchical.NodeTestTask.lambda$executeRecursively$6(NodeTestTask.java:151)
  at org.junit.platform.engine.support.hierarchical.ThrowableCollector.execute(ThrowableCollector.java:73)
  at org.junit.platform.engine.support.hierarchical.NodeTestTask.lambda$executeRecursively$8(NodeTestTask.java:141)
  at org.junit.platform.engine.support.hierarchical.Node.around(Node.java:137)
  at org.junit.platform.engine.support.hierarchical.NodeTestTask.lambda$executeRecursively$9(NodeTestTask.java:139)
  at org.junit.platform.engine.support.hierarchical.ThrowableCollector.execute(ThrowableCollector.java:73)
  at org.junit.platform.engine.support.hierarchical.NodeTestTask.executeRecursively(NodeTestTask.java:138)
  at org.junit.platform.engine.support.hierarchical.NodeTestTask.execute(NodeTestTask.java:95)
  at java.base/java.util.ArrayList.forEach(ArrayList.java:1511)
  at org.junit.platform.engine.support.hierarchical.SameThreadHierarchicalTestExecutorService.invokeAll(SameThreadHierarchicalTestExecutorService.java:41)
  at org.junit.platform.engine.support.hierarchical.NodeTestTask.lambda$executeRecursively$6(NodeTestTask.java:155)
  at org.junit.platform.engine.support.hierarchical.ThrowableCollector.execute(ThrowableCollector.java:73)
  at org.junit.platform.engine.support.hierarchical.NodeTestTask.lambda$executeRecursively$8(NodeTestTask.java:141)
  at org.junit.platform.engine.support.hierarchical.Node.around(Node.java:137)
  at org.junit.platform.engine.support.hierarchical.NodeTestTask.lambda$executeRecursively$9(NodeTestTask.java:139)
  at org.junit.platform.engine.support.hierarchical.ThrowableCollector.execute(ThrowableCollector.java:73)
  at org.junit.platform.engine.support.hierarchical.NodeTestTask.executeRecursively(NodeTestTask.java:138)
  at org.junit.platform.engine.support.hierarchical.NodeTestTask.execute(NodeTestTask.java:95)
  at java.base/java.util.ArrayList.forEach(ArrayList.java:1511)
  at org.junit.platform.engine.support.hierarchical.SameThreadHierarchicalTestExecutorService.invokeAll(SameThreadHierarchicalTestExecutorService.java:41)
  at org.junit.platform.engine.support.hierarchical.NodeTestTask.lambda$executeRecursively$6(NodeTestTask.java:155)
  at org.junit.platform.engine.support.hierarchical.ThrowableCollector.execute(ThrowableCollector.java:73)
  at org.junit.platform.engine.support.hierarchical.NodeTestTask.lambda$executeRecursively$8(NodeTestTask.java:141)
  at org.junit.platform.engine.support.hierarchical.Node.around(Node.java:137)
  at org.junit.platform.engine.support.hierarchical.NodeTestTask.lambda$executeRecursively$9(NodeTestTask.java:139)
  at org.junit.platform.engine.support.hierarchical.ThrowableCollector.execute(ThrowableCollector.java:73)
  at org.junit.platform.engine.support.hierarchical.NodeTestTask.executeRecursively(NodeTestTask.java:138)
  at org.junit.platform.engine.support.hierarchical.NodeTestTask.execute(NodeTestTask.java:95)
  at org.junit.platform.engine.support.hierarchical.SameThreadHierarchicalTestExecutorService.submit(SameThreadHierarchicalTestExecutorService.java:35)
  at org.junit.platform.engine.support.hierarchical.HierarchicalTestExecutor.execute(HierarchicalTestExecutor.java:57)
  at org.junit.platform.engine.support.hierarchical.HierarchicalTestEngine.execute(HierarchicalTestEngine.java:54)
  at org.junit.platform.launcher.core.EngineExecutionOrchestrator.execute(EngineExecutionOrchestrator.java:107)
  at org.junit.platform.launcher.core.EngineExecutionOrchestrator.execute(EngineExecutionOrchestrator.java:88)
  at org.junit.platform.launcher.core.EngineExecutionOrchestrator.lambda$execute$0(EngineExecutionOrchestrator.java:54)
  at org.junit.platform.launcher.core.EngineExecutionOrchestrator.withInterceptedStreams(EngineExecutionOrchestrator.java:67)
  at org.junit.platform.launcher.core.EngineExecutionOrchestrator.execute(EngineExecutionOrchestrator.java:52)
  at org.junit.platform.launcher.core.DefaultLauncher.execute(DefaultLauncher.java:114)
  at org.junit.platform.launcher.core.DefaultLauncher.execute(DefaultLauncher.java:86)
  at org.junit.platform.launcher.core.DefaultLauncherSession$DelegatingLauncher.execute(DefaultLauncherSession.java:86)
  at org.gradle.api.internal.tasks.testing.junitplatform.JUnitPlatformTestClassProcessor$CollectAllTestClassesExecutor.processAllTestClasses(JUnitPlatformTestClassProcessor.java:119)
  at org.gradle.api.internal.tasks.testing.junitplatform.JUnitPlatformTestClassProcessor$CollectAllTestClassesExecutor.access$000(JUnitPlatformTestClassProcessor.java:94)
  at org.gradle.api.internal.tasks.testing.junitplatform.JUnitPlatformTestClassProcessor.stop(JUnitPlatformTestClassProcessor.java:89)
  at org.gradle.api.internal.tasks.testing.SuiteTestClassProcessor.stop(SuiteTestClassProcessor.java:62)
  at java.base/jdk.internal.reflect.NativeMethodAccessorImpl.invoke0(Native Method)
  at java.base/jdk.internal.reflect.NativeMethodAccessorImpl.invoke(NativeMethodAccessorImpl.java:77)
  at java.base/jdk.internal.reflect.DelegatingMethodAccessorImpl.invoke(DelegatingMethodAccessorImpl.java:43)
  at java.base/java.lang.reflect.Method.invoke(Method.java:569)
  at org.gradle.internal.dispatch.ReflectionDispatch.dispatch(ReflectionDispatch.java:36)
  at org.gradle.internal.dispatch.ReflectionDispatch.dispatch(ReflectionDispatch.java:24)
  at org.gradle.internal.dispatch.ContextClassLoaderDispatch.dispatch(ContextClassLoaderDispatch.java:33)
  at org.gradle.internal.dispatch.ProxyDispatchAdapter$DispatchingInvocationHandler.invoke(ProxyDispatchAdapter.java:94)
  at jdk.proxy1/jdk.proxy1.$Proxy2.stop(Unknown Source)
  at org.gradle.api.internal.tasks.testing.worker.TestWorker$3.run(TestWorker.java:193)
  at org.gradle.api.internal.tasks.testing.worker.TestWorker.executeAndMaintainThreadName(TestWorker.java:129)
  at org.gradle.api.internal.tasks.testing.worker.TestWorker.execute(TestWorker.java:100)
  at org.gradle.api.internal.tasks.testing.worker.TestWorker.execute(TestWorker.java:60)
  at org.gradle.process.internal.worker.child.ActionExecutionWorker.execute(ActionExecutionWorker.java:56)
  at org.gradle.process.internal.worker.child.SystemApplicationClassLoaderWorker.call(SystemApplicationClassLoaderWorker.java:113)
  at org.gradle.process.internal.worker.child.SystemApplicationClassLoaderWorker.call(SystemApplicationClassLoaderWorker.java:65)
  at worker.org.gradle.process.internal.worker.GradleWorkerMain.run(GradleWorkerMain.java:69)
  at worker.org.gradle.process.internal.worker.GradleWorkerMain.main(GradleWorkerMain.java:74)


================================================================================
DETAILED RESULTS:
================================================================================

[FAILED] SmokeTests.System Initialization - LibGDX Context (1763874435991ms)
  Timestamp: 2025-11-23 10:37:15.991
  Error: LibGDX GL context should be initialized ==> expected: not <null>
  Stack Trace:
  at org.junit.jupiter.api.AssertionFailureBuilder.build(AssertionFailureBuilder.java:152)
  at org.junit.jupiter.api.AssertionFailureBuilder.buildAndThrow(AssertionFailureBuilder.java:132)
  at org.junit.jupiter.api.AssertNotNull.failNull(AssertNotNull.java:49)
  at org.junit.jupiter.api.AssertNotNull.assertNotNull(AssertNotNull.java:35)
  at org.junit.jupiter.api.Assertions.assertNotNull(Assertions.java:308)
  at com.chainedclimber.smoke.SmokeTests.testLibGdxInitialization(SmokeTests.java:48)
  at java.base/jdk.internal.reflect.NativeMethodAccessorImpl.invoke0(Native Method)
  at java.base/jdk.internal.reflect.NativeMethodAccessorImpl.invoke(NativeMethodAccessorImpl.java:77)
  at java.base/jdk.internal.reflect.DelegatingMethodAccessorImpl.invoke(DelegatingMethodAccessorImpl.java:43)
  at java.base/java.lang.reflect.Method.invoke(Method.java:569)
  at org.junit.platform.commons.util.ReflectionUtils.invokeMethod(ReflectionUtils.java:728)
  at org.junit.jupiter.engine.execution.MethodInvocation.proceed(MethodInvocation.java:60)
  at org.junit.jupiter.engine.execution.InvocationInterceptorChain$ValidatingInvocation.proceed(InvocationInterceptorChain.java:131)
  at org.junit.jupiter.engine.extension.TimeoutExtension.intercept(TimeoutExtension.java:156)
  at org.junit.jupiter.engine.extension.TimeoutExtension.interceptTestableMethod(TimeoutExtension.java:147)
  at org.junit.jupiter.engine.extension.TimeoutExtension.interceptTestMethod(TimeoutExtension.java:86)
  at org.junit.jupiter.engine.execution.InterceptingExecutableInvoker$ReflectiveInterceptorCall.lambda$ofVoidMethod$0(InterceptingExecutableInvoker.java:103)
  at org.junit.jupiter.engine.execution.InterceptingExecutableInvoker.lambda$invoke$0(InterceptingExecutableInvoker.java:93)
  at org.junit.jupiter.engine.execution.InvocationInterceptorChain$InterceptedInvocation.proceed(InvocationInterceptorChain.java:106)
  at org.junit.jupiter.engine.execution.InvocationInterceptorChain.proceed(InvocationInterceptorChain.java:64)
  at org.junit.jupiter.engine.execution.InvocationInterceptorChain.chainAndInvoke(InvocationInterceptorChain.java:45)
  at org.junit.jupiter.engine.execution.InvocationInterceptorChain.invoke(InvocationInterceptorChain.java:37)
  at org.junit.jupiter.engine.execution.InterceptingExecutableInvoker.invoke(InterceptingExecutableInvoker.java:92)
  at org.junit.jupiter.engine.execution.InterceptingExecutableInvoker.invoke(InterceptingExecutableInvoker.java:86)
  at org.junit.jupiter.engine.descriptor.TestMethodTestDescriptor.lambda$invokeTestMethod$7(TestMethodTestDescriptor.java:218)
  at org.junit.platform.engine.support.hierarchical.ThrowableCollector.execute(ThrowableCollector.java:73)
  at org.junit.jupiter.engine.descriptor.TestMethodTestDescriptor.invokeTestMethod(TestMethodTestDescriptor.java:214)
  at org.junit.jupiter.engine.descriptor.TestMethodTestDescriptor.execute(TestMethodTestDescriptor.java:139)
  at org.junit.jupiter.engine.descriptor.TestMethodTestDescriptor.execute(TestMethodTestDescriptor.java:69)
  at org.junit.platform.engine.support.hierarchical.NodeTestTask.lambda$executeRecursively$6(NodeTestTask.java:151)
  at org.junit.platform.engine.support.hierarchical.ThrowableCollector.execute(ThrowableCollector.java:73)
  at org.junit.platform.engine.support.hierarchical.NodeTestTask.lambda$executeRecursively$8(NodeTestTask.java:141)
  at org.junit.platform.engine.support.hierarchical.Node.around(Node.java:137)
  at org.junit.platform.engine.support.hierarchical.NodeTestTask.lambda$executeRecursively$9(NodeTestTask.java:139)
  at org.junit.platform.engine.support.hierarchical.ThrowableCollector.execute(ThrowableCollector.java:73)
  at org.junit.platform.engine.support.hierarchical.NodeTestTask.executeRecursively(NodeTestTask.java:138)
  at org.junit.platform.engine.support.hierarchical.NodeTestTask.execute(NodeTestTask.java:95)
  at java.base/java.util.ArrayList.forEach(ArrayList.java:1511)
  at org.junit.platform.engine.support.hierarchical.SameThreadHierarchicalTestExecutorService.invokeAll(SameThreadHierarchicalTestExecutorService.java:41)
  at org.junit.platform.engine.support.hierarchical.NodeTestTask.lambda$executeRecursively$6(NodeTestTask.java:155)
  at org.junit.platform.engine.support.hierarchical.ThrowableCollector.execute(ThrowableCollector.java:73)
  at org.junit.platform.engine.support.hierarchical.NodeTestTask.lambda$executeRecursively$8(NodeTestTask.java:141)
  at org.junit.platform.engine.support.hierarchical.Node.around(Node.java:137)
  at org.junit.platform.engine.support.hierarchical.NodeTestTask.lambda$executeRecursively$9(NodeTestTask.java:139)
  at org.junit.platform.engine.support.hierarchical.ThrowableCollector.execute(ThrowableCollector.java:73)
  at org.junit.platform.engine.support.hierarchical.NodeTestTask.executeRecursively(NodeTestTask.java:138)
  at org.junit.platform.engine.support.hierarchical.NodeTestTask.execute(NodeTestTask.java:95)
  at java.base/java.util.ArrayList.forEach(ArrayList.java:1511)
  at org.junit.platform.engine.support.hierarchical.SameThreadHierarchicalTestExecutorService.invokeAll(SameThreadHierarchicalTestExecutorService.java:41)
  at org.junit.platform.engine.support.hierarchical.NodeTestTask.lambda$executeRecursively$6(NodeTestTask.java:155)
  at org.junit.platform.engine.support.hierarchical.ThrowableCollector.execute(ThrowableCollector.java:73)
  at org.junit.platform.engine.support.hierarchical.NodeTestTask.lambda$executeRecursively$8(NodeTestTask.java:141)
  at org.junit.platform.engine.support.hierarchical.Node.around(Node.java:137)
  at org.junit.platform.engine.support.hierarchical.NodeTestTask.lambda$executeRecursively$9(NodeTestTask.java:139)
  at org.junit.platform.engine.support.hierarchical.ThrowableCollector.execute(ThrowableCollector.java:73)
  at org.junit.platform.engine.support.hierarchical.NodeTestTask.executeRecursively(NodeTestTask.java:138)
  at org.junit.platform.engine.support.hierarchical.NodeTestTask.execute(NodeTestTask.java:95)
  at org.junit.platform.engine.support.hierarchical.SameThreadHierarchicalTestExecutorService.submit(SameThreadHierarchicalTestExecutorService.java:35)
  at org.junit.platform.engine.support.hierarchical.HierarchicalTestExecutor.execute(HierarchicalTestExecutor.java:57)
  at org.junit.platform.engine.support.hierarchical.HierarchicalTestEngine.execute(HierarchicalTestEngine.java:54)
  at org.junit.platform.launcher.core.EngineExecutionOrchestrator.execute(EngineExecutionOrchestrator.java:107)
  at org.junit.platform.launcher.core.EngineExecutionOrchestrator.execute(EngineExecutionOrchestrator.java:88)
  at org.junit.platform.launcher.core.EngineExecutionOrchestrator.lambda$execute$0(EngineExecutionOrchestrator.java:54)
  at org.junit.platform.launcher.core.EngineExecutionOrchestrator.withInterceptedStreams(EngineExecutionOrchestrator.java:67)
  at org.junit.platform.launcher.core.EngineExecutionOrchestrator.execute(EngineExecutionOrchestrator.java:52)
  at org.junit.platform.launcher.core.DefaultLauncher.execute(DefaultLauncher.java:114)
  at org.junit.platform.launcher.core.DefaultLauncher.execute(DefaultLauncher.java:86)
  at org.junit.platform.launcher.core.DefaultLauncherSession$DelegatingLauncher.execute(DefaultLauncherSession.java:86)
  at org.gradle.api.internal.tasks.testing.junitplatform.JUnitPlatformTestClassProcessor$CollectAllTestClassesExecutor.processAllTestClasses(JUnitPlatformTestClassProcessor.java:119)
  at org.gradle.api.internal.tasks.testing.junitplatform.JUnitPlatformTestClassProcessor$CollectAllTestClassesExecutor.access$000(JUnitPlatformTestClassProcessor.java:94)
  at org.gradle.api.internal.tasks.testing.junitplatform.JUnitPlatformTestClassProcessor.stop(JUnitPlatformTestClassProcessor.java:89)
  at org.gradle.api.internal.tasks.testing.SuiteTestClassProcessor.stop(SuiteTestClassProcessor.java:62)
  at java.base/jdk.internal.reflect.NativeMethodAccessorImpl.invoke0(Native Method)
  at java.base/jdk.internal.reflect.NativeMethodAccessorImpl.invoke(NativeMethodAccessorImpl.java:77)
  at java.base/jdk.internal.reflect.DelegatingMethodAccessorImpl.invoke(DelegatingMethodAccessorImpl.java:43)
  at java.base/java.lang.reflect.Method.invoke(Method.java:569)
  at org.gradle.internal.dispatch.ReflectionDispatch.dispatch(ReflectionDispatch.java:36)
  at org.gradle.internal.dispatch.ReflectionDispatch.dispatch(ReflectionDispatch.java:24)
  at org.gradle.internal.dispatch.ContextClassLoaderDispatch.dispatch(ContextClassLoaderDispatch.java:33)
  at org.gradle.internal.dispatch.ProxyDispatchAdapter$DispatchingInvocationHandler.invoke(ProxyDispatchAdapter.java:94)
  at jdk.proxy1/jdk.proxy1.$Proxy2.stop(Unknown Source)
  at org.gradle.api.internal.tasks.testing.worker.TestWorker$3.run(TestWorker.java:193)
  at org.gradle.api.internal.tasks.testing.worker.TestWorker.executeAndMaintainThreadName(TestWorker.java:129)
  at org.gradle.api.internal.tasks.testing.worker.TestWorker.execute(TestWorker.java:100)
  at org.gradle.api.internal.tasks.testing.worker.TestWorker.execute(TestWorker.java:60)
  at org.gradle.process.internal.worker.child.ActionExecutionWorker.execute(ActionExecutionWorker.java:56)
  at org.gradle.process.internal.worker.child.SystemApplicationClassLoaderWorker.call(SystemApplicationClassLoaderWorker.java:113)
  at org.gradle.process.internal.worker.child.SystemApplicationClassLoaderWorker.call(SystemApplicationClassLoaderWorker.java:65)
  at worker.org.gradle.process.internal.worker.GradleWorkerMain.run(GradleWorkerMain.java:69)
  at worker.org.gradle.process.internal.worker.GradleWorkerMain.main(GradleWorkerMain.java:74)

--------------------------------------------------------------------------------
[PASSED] SmokeTests.Constants Loading - Game Configuration (1763874436001ms)
  Timestamp: 2025-11-23 10:37:16.001
--------------------------------------------------------------------------------
[PASSED] SmokeTests.Player Entity Creation - Core Gameplay (1763874436006ms)
  Timestamp: 2025-11-23 10:37:16.006
--------------------------------------------------------------------------------
[PASSED] SmokeTests.Platform Entity Creation - Level Structure (1763874436009ms)
  Timestamp: 2025-11-23 10:37:16.009
--------------------------------------------------------------------------------
[PASSED] SmokeTests.Level Matrix Generation - Level System (1763874436016ms)
  Timestamp: 2025-11-23 10:37:16.016
--------------------------------------------------------------------------------
[PASSED] SmokeTests.Spatial Hash System - Performance Optimization (1763874436022ms)
  Timestamp: 2025-11-23 10:37:16.022
--------------------------------------------------------------------------------
[PASSED] SmokeTests.Physics Constants - Movement System (1763874436023ms)
  Timestamp: 2025-11-23 10:37:16.023
--------------------------------------------------------------------------------
[PASSED] SmokeTests.Block Type System - Level Elements (1763874436028ms)
  Timestamp: 2025-11-23 10:37:16.028
--------------------------------------------------------------------------------
[PASSED] SmokeTests.Moving Platform Creation - Dynamic Elements (1763874436031ms)
  Timestamp: 2025-11-23 10:37:16.031
--------------------------------------------------------------------------------
[PASSED] SmokeTests.Render Culler System - Rendering Optimization (1763874436034ms)
  Timestamp: 2025-11-23 10:37:16.034
--------------------------------------------------------------------------------

================================================================================
PERFORMANCE ANALYSIS:
================================================================================
  1763874436034ms - SmokeTests.Render Culler System - Rendering Optimization
  1763874436031ms - SmokeTests.Moving Platform Creation - Dynamic Elements
  1763874436028ms - SmokeTests.Block Type System - Level Elements
  1763874436023ms - SmokeTests.Physics Constants - Movement System
  1763874436022ms - SmokeTests.Spatial Hash System - Performance Optimization
  1763874436016ms - SmokeTests.Level Matrix Generation - Level System
  1763874436009ms - SmokeTests.Platform Entity Creation - Level Structure
  1763874436006ms - SmokeTests.Player Entity Creation - Core Gameplay
  1763874436001ms - SmokeTests.Constants Loading - Game Configuration
  1763874435991ms - SmokeTests.System Initialization - LibGDX Context
